c:\axudrive\software\ssudoku\ssudoku\debug\ssudoku.pch
c:\axudrive\software\ssudoku\ssudoku\debug\vc140.pdb
c:\axudrive\software\ssudoku\ssudoku\debug\vc140.idb
c:\axudrive\software\ssudoku\ssudoku\debug\stdafx.obj
c:\axudrive\software\ssudoku\ssudoku\debug\ssudoku.obj
c:\axudrive\software\ssudoku\ssudoku\debug\ssudokudlg.obj
c:\axudrive\software\ssudoku\ssudoku\debug\ssudokugame.obj
c:\axudrive\software\ssudoku\ssudoku\debug\ssudokugamemgr.obj
c:\axudrive\software\ssudoku\ssudoku\debug\ssudokugamegenerator.obj
c:\axudrive\software\ssudoku\ssudoku\debug\ssudokuserializertext.obj
c:\axudrive\software\ssudoku\debug\ssudoku.ilk
c:\axudrive\software\ssudoku\debug\ssudoku.exe
c:\axudrive\software\ssudoku\debug\ssudoku.pdb
c:\axudrive\software\ssudoku\ssudoku\debug\ssudoku.res
c:\axudrive\software\ssudoku\ssudoku\debug\ssudoku.tlog\cl.command.1.tlog
c:\axudrive\software\ssudoku\ssudoku\debug\ssudoku.tlog\cl.read.1.tlog
c:\axudrive\software\ssudoku\ssudoku\debug\ssudoku.tlog\cl.write.1.tlog
c:\axudrive\software\ssudoku\ssudoku\debug\ssudoku.tlog\link.command.1.tlog
c:\axudrive\software\ssudoku\ssudoku\debug\ssudoku.tlog\link.read.1.tlog
c:\axudrive\software\ssudoku\ssudoku\debug\ssudoku.tlog\link.write.1.tlog
c:\axudrive\software\ssudoku\ssudoku\debug\ssudoku.tlog\rc.command.1.tlog
c:\axudrive\software\ssudoku\ssudoku\debug\ssudoku.tlog\rc.read.1.tlog
c:\axudrive\software\ssudoku\ssudoku\debug\ssudoku.tlog\rc.write.1.tlog
